0 info it worked if it ends with ok
1 verbose cli [ '/usr/local/bin/node', '/usr/local/bin/npm', 'run', 'test:bed' ]
2 info using npm@3.10.3
3 info using node@v6.7.0
4 verbose run-script [ 'pretest:bed', 'test:bed', 'posttest:bed' ]
5 info lifecycle mrhotels-frontend@1.0.0~pretest:bed: mrhotels-frontend@1.0.0
6 silly lifecycle mrhotels-frontend@1.0.0~pretest:bed: no script for pretest:bed, continuing
7 info lifecycle mrhotels-frontend@1.0.0~test:bed: mrhotels-frontend@1.0.0
8 verbose lifecycle mrhotels-frontend@1.0.0~test:bed: unsafe-perm in lifecycle true
9 verbose lifecycle mrhotels-frontend@1.0.0~test:bed: PATH: /usr/local/lib/node_modules/npm/bin/node-gyp-bin:/Users/kawin/Documents/site_projects/mrhotels-frontend/node_modules/.bin:/usr/local/bin:/Users/kawin/.rvm/gems/ruby-2.3.0/bin:/Users/kawin/.rvm/gems/ruby-2.3.0@global/bin:/Users/kawin/.rvm/rubies/ruby-2.3.0/bin:/Users/kawin/Downloads/google-cloud-sdk/bin:/usr/local/bin:/usr/bin:/bin:/usr/sbin:/sbin:/opt/X11/bin:/usr/local/sbin:/Users/kawin/.rvm/bin
10 verbose lifecycle mrhotels-frontend@1.0.0~test:bed: CWD: /Users/kawin/Documents/site_projects/mrhotels-frontend
11 silly lifecycle mrhotels-frontend@1.0.0~test:bed: Args: [ '-c',
11 silly lifecycle   'NODE_ENV=test test-bed -p 3011 -c .tests/webpack.config.test-bed.js' ]
12 silly lifecycle mrhotels-frontend@1.0.0~test:bed: Returned: code: 1  signal: null
13 info lifecycle mrhotels-frontend@1.0.0~test:bed: Failed to exec test:bed script
14 verbose stack Error: mrhotels-frontend@1.0.0 test:bed: `NODE_ENV=test test-bed -p 3011 -c .tests/webpack.config.test-bed.js`
14 verbose stack Exit status 1
14 verbose stack     at EventEmitter.<anonymous> (/usr/local/lib/node_modules/npm/lib/utils/lifecycle.js:242:16)
14 verbose stack     at emitTwo (events.js:106:13)
14 verbose stack     at EventEmitter.emit (events.js:191:7)
14 verbose stack     at ChildProcess.<anonymous> (/usr/local/lib/node_modules/npm/lib/utils/spawn.js:40:14)
14 verbose stack     at emitTwo (events.js:106:13)
14 verbose stack     at ChildProcess.emit (events.js:191:7)
14 verbose stack     at maybeClose (internal/child_process.js:877:16)
14 verbose stack     at Process.ChildProcess._handle.onexit (internal/child_process.js:226:5)
15 verbose pkgid mrhotels-frontend@1.0.0
16 verbose cwd /Users/kawin/Documents/site_projects/mrhotels-frontend
17 error Darwin 15.6.0
18 error argv "/usr/local/bin/node" "/usr/local/bin/npm" "run" "test:bed"
19 error node v6.7.0
20 error npm  v3.10.3
21 error code ELIFECYCLE
22 error mrhotels-frontend@1.0.0 test:bed: `NODE_ENV=test test-bed -p 3011 -c .tests/webpack.config.test-bed.js`
22 error Exit status 1
23 error Failed at the mrhotels-frontend@1.0.0 test:bed script 'NODE_ENV=test test-bed -p 3011 -c .tests/webpack.config.test-bed.js'.
23 error Make sure you have the latest version of node.js and npm installed.
23 error If you do, this is most likely a problem with the mrhotels-frontend package,
23 error not with npm itself.
23 error Tell the author that this fails on your system:
23 error     NODE_ENV=test test-bed -p 3011 -c .tests/webpack.config.test-bed.js
23 error You can get information on how to open an issue for this project with:
23 error     npm bugs mrhotels-frontend
23 error Or if that isn't available, you can get their info via:
23 error     npm owner ls mrhotels-frontend
23 error There is likely additional logging output above.
24 verbose exit [ 1, true ]
